<?xml version="1.0" encoding="UTF-8"?>
<!-- Generated by org.testng.reporters.JUnitReportReporter -->
<testsuite hostname="KQ-LP-005" failures="0" tests="1" name="com.kiwiqa.pages.FormTestNG" time="58.840" errors="0" timestamp="2024-06-10T18:17:17 IST" skipped="0">
  <testcase classname="com.kiwiqa.pages.FormTestNG" name="readExcelData" time="58.840"/>
</testsuite> <!-- com.kiwiqa.pages.FormTestNG -->
