<?xml version="1.0" encoding="UTF-8"?>
<!-- Generated by org.testng.reporters.JUnitReportReporter -->
<testsuite hostname="KQ-LP-005" failures="0" tests="1" name="com.kiwiqa.pages.FormTestNG" time="17.320" errors="0" timestamp="2024-06-26T12:39:08 IST" skipped="0">
  <testcase classname="com.kiwiqa.pages.FormTestNG" name="readExcelData" time="17.320"/>
</testsuite> <!-- com.kiwiqa.pages.FormTestNG -->
